Using pre-set license
Built from '2020.3/staging' branch; Version is '2020.3.14f1 (d0d1bb862f9d) revision 13685179'; Using compiler version '192528614'; Build Type 'Release'
OS: 'Windows 10 Home; OS build 19042.1288; Version 2009; 64bit' Language: 'en' Physical Memory: 16333 MB
BatchMode: 1, IsHumanControllingUs: 0, StartBugReporterOnCrash: 0, Is64bit: 1, IsPro: 0

 COMMAND LINE ARGUMENTS:
D:\Unity\2020.3.14f1\Editor\Unity.exe
-adb2
-batchMode
-noUpm
-name
AssetImportWorker0
-projectPath
C:/Users/HS/Documents/GitHub/Hungry_Shark
-logFile
Logs/AssetImportWorker0.log
-srvPort
61452
Successfully changed project path to: C:/Users/HS/Documents/GitHub/Hungry_Shark
C:/Users/HS/Documents/GitHub/Hungry_Shark
Using Asset Import Pipeline V2.
Refreshing native plugins compatible for Editor in 35.44 ms, found 2 plugins.
Preloading 0 native plugins for Editor in 0.00 ms.
Initialize engine version: 2020.3.14f1 (d0d1bb862f9d)
[Subsystems] Discovering subsystems at path D:/Unity/2020.3.14f1/Editor/Data/Resources/UnitySubsystems
[Subsystems] Discovering subsystems at path C:/Users/HS/Documents/GitHub/Hungry_Shark/Assets
GfxDevice: creating device client; threaded=0
Direct3D:
    Version:  Direct3D 11.0 [level 11.1]
    Renderer: NVIDIA GeForce RTX 2070 SUPER (ID=0x1e84)
    Vendor:   
    VRAM:     8011 MB
    Driver:   30.0.14.7196
Initialize mono
Mono path[0] = 'D:/Unity/2020.3.14f1/Editor/Data/Managed'
Mono path[1] = 'D:/Unity/2020.3.14f1/Editor/Data/MonoBleedingEdge/lib/mono/unityjit'
Mono config path = 'D:/Unity/2020.3.14f1/Editor/Data/MonoBleedingEdge/etc'
Using monoOptions --debugger-agent=transport=dt_socket,embedding=1,server=y,suspend=n,address=127.0.0.1:56148
Begin MonoManager ReloadAssembly
Registering precompiled unity dll's ...
Register platform support module: D:/Unity/2020.3.14f1/Editor/Data/PlaybackEngines/WindowsStandaloneSupport/UnityEditor.WindowsStandalone.Extensions.dll
Registered in 0.000840 seconds.
Native extension for WindowsStandalone target not found
Refreshing native plugins compatible for Editor in 35.23 ms, found 2 plugins.
Preloading 0 native plugins for Editor in 0.00 ms.
Mono: successfully reloaded assembly
- Completed reload, in  0.657 seconds
Domain Reload Profiling:
	ReloadAssembly (657ms)
		BeginReloadAssembly (38ms)
			ExecutionOrderSort (0ms)
			DisableScriptedObjects (0ms)
			BackupInstance (0ms)
			ReleaseScriptingObjects (0ms)
			CreateAndSetChildDomain (1ms)
		EndReloadAssembly (315ms)
			LoadAssemblies (37ms)
			RebuildTransferFunctionScriptingTraits (0ms)
			SetupTypeCache (112ms)
			ReleaseScriptCaches (0ms)
			RebuildScriptCaches (24ms)
			SetupLoadedEditorAssemblies (128ms)
				LogAssemblyErrors (0ms)
				InitializePlatformSupportModulesInManaged (3ms)
				SetLoadedEditorAssemblies (0ms)
				RefreshPlugins (35ms)
				BeforeProcessingInitializeOnLoad (11ms)
				ProcessInitializeOnLoadAttributes (58ms)
				ProcessInitializeOnLoadMethodAttributes (20ms)
				AfterProcessingInitializeOnLoad (0ms)
				EditorAssembliesLoaded (0ms)
			ExecutionOrderSort2 (0ms)
			AwakeInstancesAfterBackupRestoration (0ms)
Platform modules already initialized, skipping
Registering precompiled user dll's ...
Registered in 0.003173 seconds.
Begin MonoManager ReloadAssembly
Native extension for WindowsStandalone target not found
Refreshing native plugins compatible for Editor in 35.07 ms, found 2 plugins.
Preloading 0 native plugins for Editor in 0.00 ms.
Mono: successfully reloaded assembly
- Completed reload, in  0.882 seconds
Domain Reload Profiling:
	ReloadAssembly (883ms)
		BeginReloadAssembly (109ms)
			ExecutionOrderSort (0ms)
			DisableScriptedObjects (3ms)
			BackupInstance (0ms)
			ReleaseScriptingObjects (0ms)
			CreateAndSetChildDomain (16ms)
		EndReloadAssembly (728ms)
			LoadAssemblies (67ms)
			RebuildTransferFunctionScriptingTraits (0ms)
			SetupTypeCache (220ms)
			ReleaseScriptCaches (1ms)
			RebuildScriptCaches (40ms)
			SetupLoadedEditorAssemblies (308ms)
				LogAssemblyErrors (0ms)
				InitializePlatformSupportModulesInManaged (3ms)
				SetLoadedEditorAssemblies (0ms)
				RefreshPlugins (35ms)
				BeforeProcessingInitializeOnLoad (69ms)
				ProcessInitializeOnLoadAttributes (196ms)
				ProcessInitializeOnLoadMethodAttributes (3ms)
				AfterProcessingInitializeOnLoad (2ms)
				EditorAssembliesLoaded (0ms)
			ExecutionOrderSort2 (0ms)
			AwakeInstancesAfterBackupRestoration (5ms)
Platform modules already initialized, skipping
========================================================================
Worker process is ready to serve import requests
Launched and connected shader compiler UnityShaderCompiler.exe after 0.03 seconds
Refreshing native plugins compatible for Editor in 0.53 ms, found 2 plugins.
Preloading 0 native plugins for Editor in 0.00 ms.
Unloading 2344 Unused Serialized files (Serialized files now loaded: 0)
System memory in use before: 105.9 MB.
System memory in use after: 106.0 MB.

Unloading 23 unused Assets to reduce memory usage. Loaded Objects now: 2783.
Total: 2.333300 ms (FindLiveObjects: 0.244100 ms CreateObjectMapping: 0.059900 ms MarkObjects: 1.896700 ms  DeleteObjects: 0.131800 ms)

AssetImportParameters requested are different than current active one (requested -> active):
  custom:framework-win-MediaFoundation: 216162199b28c13a410421893ffa2e32 -> 
  custom:video-decoder-ogg-theora: a1e56fd34408186e4bbccfd4996cb3dc -> 
  custom:container-muxer-webm: aa71ff27fc2769a1b78a27578f13a17b -> 
  custom:container-demuxer-webm: 4f35f7cbe854078d1ac9338744f61a02 -> 
  custom:container-demuxer-ogg: 62fdf1f143b41e24485cea50d1cbac27 -> 
  custom:video-encoder-webm-vp8: eb34c28f22e8b96e1ab97ce403110664 -> 
  custom:video-decoder-webm-vp8: 9c59270c3fd7afecdb556c50c9e8de78 -> 
  custom:audio-decoder-ogg-vorbis: bf7c407c2cedff20999df2af8eb42d56 -> 
  custom:audio-encoder-webm-vorbis: bf7c407c2cedff20999df2af8eb42d56 -> 
========================================================================
Received Import Request.
  path: Assets/Custom_Assets/Custom_Fbx/teeth.mat
  artifactKey: Guid(8aa37a3f4c930304aa5e703a93e315c3) Importer(815301076,1909f56bfc062723c751e8b465ee728b)
Start importing Assets/Custom_Assets/Custom_Fbx/teeth.mat using Guid(8aa37a3f4c930304aa5e703a93e315c3) Importer(815301076,1909f56bfc062723c751e8b465ee728b)  -> (artifact id: 'e569a64eea68bd37f2c7a87d2cbcc5e9') in 0.078496 seconds 
  Import took 0.081784 seconds .

========================================================================
Received Import Request.
  Time since last request: 2.666016 seconds.
  path: Assets/Custom_Assets/Custom_Fbx/eyes.mat
  artifactKey: Guid(64afdf4645173954c8699680c9ce2d31) Importer(815301076,1909f56bfc062723c751e8b465ee728b)
Start importing Assets/Custom_Assets/Custom_Fbx/eyes.mat using Guid(64afdf4645173954c8699680c9ce2d31) Importer(815301076,1909f56bfc062723c751e8b465ee728b)  -> (artifact id: '694c77c937bfab227f928c5dcb91f98c') in 0.018507 seconds 
  Import took 0.022391 seconds .

========================================================================
Received Import Request.
  Time since last request: 4.820744 seconds.
  path: Assets/Custom_Assets/Custom_Fbx/shark.mat
  artifactKey: Guid(a619f11faa180984ea06853db2eaac42) Importer(815301076,1909f56bfc062723c751e8b465ee728b)
Start importing Assets/Custom_Assets/Custom_Fbx/shark.mat using Guid(a619f11faa180984ea06853db2eaac42) Importer(815301076,1909f56bfc062723c751e8b465ee728b)  -> (artifact id: '9a2b3a1174a15df7cf0d0265c0e4abc2') in 0.012989 seconds 
  Import took 0.016649 seconds .

========================================================================
Received Import Request.
  Time since last request: 6.410927 seconds.
  path: Assets/Custom_Assets/Custom_Fbx/Shark.obj
  artifactKey: Guid(99670c52b6af0c34abdcbe1cd203e699) Importer(815301076,1909f56bfc062723c751e8b465ee728b)
Start importing Assets/Custom_Assets/Custom_Fbx/Shark.obj using Guid(99670c52b6af0c34abdcbe1cd203e699) Importer(815301076,1909f56bfc062723c751e8b465ee728b)  -> (artifact id: 'a9c00f32b3f16c779d66fe40ad066c21') in 0.082600 seconds 
  Import took 0.086541 seconds .

========================================================================
Received Import Request.
  Time since last request: 40.133768 seconds.
  path: Assets/Custom_Assets/Custom_Fbx/eyes.mat
  artifactKey: Guid(64afdf4645173954c8699680c9ce2d31) Importer(815301076,1909f56bfc062723c751e8b465ee728b)
Start importing Assets/Custom_Assets/Custom_Fbx/eyes.mat using Guid(64afdf4645173954c8699680c9ce2d31) Importer(815301076,1909f56bfc062723c751e8b465ee728b)  -> (artifact id: 'b45f52cbd0f7707177f63b165f2575cf') in 0.020921 seconds 
  Import took 0.024594 seconds .

========================================================================
Received Import Request.
  Time since last request: 0.000166 seconds.
  path: Assets/Custom_Assets/Custom_Fbx/teeth.mat
  artifactKey: Guid(8aa37a3f4c930304aa5e703a93e315c3) Importer(815301076,1909f56bfc062723c751e8b465ee728b)
Start importing Assets/Custom_Assets/Custom_Fbx/teeth.mat using Guid(8aa37a3f4c930304aa5e703a93e315c3) Importer(815301076,1909f56bfc062723c751e8b465ee728b)  -> (artifact id: '5dbb9bd2ed38c59fa541a2d26c26c91b') in 0.012682 seconds 
  Import took 0.015675 seconds .

========================================================================
Received Import Request.
  Time since last request: 0.000157 seconds.
  path: Assets/Custom_Assets/Custom_Fbx/shark.mat
  artifactKey: Guid(a619f11faa180984ea06853db2eaac42) Importer(815301076,1909f56bfc062723c751e8b465ee728b)
Start importing Assets/Custom_Assets/Custom_Fbx/shark.mat using Guid(a619f11faa180984ea06853db2eaac42) Importer(815301076,1909f56bfc062723c751e8b465ee728b)  -> (artifact id: '326cb5ac4170d0fd284c400713455f14') in 0.013216 seconds 
  Import took 0.016369 seconds .

========================================================================
Received Import Request.
  Time since last request: 4.432916 seconds.
  path: Assets/Custom_Assets/Custom_Fbx/greatwhiteshark_Eye_n.tga
  artifactKey: Guid(03d99c87a64a6ea47b1a8a147f64819c) Importer(815301076,1909f56bfc062723c751e8b465ee728b)
Start importing Assets/Custom_Assets/Custom_Fbx/greatwhiteshark_Eye_n.tga using Guid(03d99c87a64a6ea47b1a8a147f64819c) Importer(815301076,1909f56bfc062723c751e8b465ee728b)  -> (artifact id: '6bd03718ac4d1c552c0f0d296267b6c0') in 0.016495 seconds 
  Import took 0.020177 seconds .

========================================================================
Received Import Request.
  Time since last request: 0.000153 seconds.
  path: Assets/Custom_Assets/Custom_Fbx/greatwhiteshark_teeth_n.tga
  artifactKey: Guid(4b9fe5d7ec946d64e823d0b180ca8605) Importer(815301076,1909f56bfc062723c751e8b465ee728b)
Start importing Assets/Custom_Assets/Custom_Fbx/greatwhiteshark_teeth_n.tga using Guid(4b9fe5d7ec946d64e823d0b180ca8605) Importer(815301076,1909f56bfc062723c751e8b465ee728b)  -> (artifact id: 'f1db7732b31cfb05b27b923e9d112c32') in 0.009425 seconds 
  Import took 0.012410 seconds .

========================================================================
Received Import Request.
  Time since last request: 0.000190 seconds.
  path: Assets/Custom_Assets/Custom_Fbx/greatwhiteshark_n.tga
  artifactKey: Guid(b05fcd7361d47a24f905f8461367fd2a) Importer(815301076,1909f56bfc062723c751e8b465ee728b)
Start importing Assets/Custom_Assets/Custom_Fbx/greatwhiteshark_n.tga using Guid(b05fcd7361d47a24f905f8461367fd2a) Importer(815301076,1909f56bfc062723c751e8b465ee728b)  -> (artifact id: 'b4ece1eb01410b8167e11bf47c2c06ea') in 0.010543 seconds 
  Import took 0.014219 seconds .

========================================================================
Received Import Request.
  Time since last request: 6.651737 seconds.
  path: Assets/Custom_Assets/Custom_Fbx/Shark.obj
  artifactKey: Guid(99670c52b6af0c34abdcbe1cd203e699) Importer(815301076,1909f56bfc062723c751e8b465ee728b)
Start importing Assets/Custom_Assets/Custom_Fbx/Shark.obj using Guid(99670c52b6af0c34abdcbe1cd203e699) Importer(815301076,1909f56bfc062723c751e8b465ee728b)  -> (artifact id: '534c08c0d4fd928282ebb4390a120fcb') in 0.051864 seconds 
  Import took 0.055538 seconds .

========================================================================
Received Import Request.
  Time since last request: 19.106825 seconds.
  path: Assets/Custom_Assets/Custom_Materials
  artifactKey: Guid(269675c988ce3b1488055cf06c5d4453) Importer(815301076,1909f56bfc062723c751e8b465ee728b)
Start importing Assets/Custom_Assets/Custom_Materials using Guid(269675c988ce3b1488055cf06c5d4453) Importer(815301076,1909f56bfc062723c751e8b465ee728b)  -> (artifact id: 'a1e163f63b4f216b27135023d6f318e4') in 0.005191 seconds 
  Import took 0.008973 seconds .

========================================================================
Received Import Request.
  Time since last request: 10.367439 seconds.
  path: Assets/Custom_Assets/Custom_Materials/shark
  artifactKey: Guid(2b4536673e9a5394c9ca3946f664573a) Importer(815301076,1909f56bfc062723c751e8b465ee728b)
Start importing Assets/Custom_Assets/Custom_Materials/shark using Guid(2b4536673e9a5394c9ca3946f664573a) Importer(815301076,1909f56bfc062723c751e8b465ee728b)  -> (artifact id: 'e476fdc8633ce4389f5a4e908cdd694e') in 0.002618 seconds 
  Import took 0.006167 seconds .

========================================================================
Received Import Request.
  Time since last request: 25.769567 seconds.
  path: Assets/Custom_Assets/Custom_Prefabs
  artifactKey: Guid(cb1a4d5f605cece439e3b51c7b4d997a) Importer(815301076,1909f56bfc062723c751e8b465ee728b)
Start importing Assets/Custom_Assets/Custom_Prefabs using Guid(cb1a4d5f605cece439e3b51c7b4d997a) Importer(815301076,1909f56bfc062723c751e8b465ee728b)  -> (artifact id: '7467eab34bded038a5a96b7930e30e6e') in 0.005021 seconds 
  Import took 0.008760 seconds .

========================================================================
Received Import Request.
  Time since last request: 9.610953 seconds.
  path: Assets/Custom_Assets/Custom_Fbx/anglerfish_04.obj
  artifactKey: Guid(b72584a5d0da1df46847c574775da4de) Importer(815301076,1909f56bfc062723c751e8b465ee728b)
Start importing Assets/Custom_Assets/Custom_Fbx/anglerfish_04.obj using Guid(b72584a5d0da1df46847c574775da4de) Importer(815301076,1909f56bfc062723c751e8b465ee728b)  -> (artifact id: '6b4da45115fe4725f140abb251984fa1') in 0.033641 seconds 
  Import took 0.037237 seconds .

========================================================================
Received Import Request.
  Time since last request: 8.080444 seconds.
  path: Assets/Custom_Assets/Custom_Fbx/fishOBJ.obj
  artifactKey: Guid(96316f2e1c4b0474db044858da1e1aaf) Importer(815301076,1909f56bfc062723c751e8b465ee728b)
Start importing Assets/Custom_Assets/Custom_Fbx/fishOBJ.obj using Guid(96316f2e1c4b0474db044858da1e1aaf) Importer(815301076,1909f56bfc062723c751e8b465ee728b)  -> (artifact id: '967bfb6b9b3db9d92fa1f0b97ea577e6') in 0.024899 seconds 
  Import took 0.028576 seconds .

========================================================================
Received Import Request.
  Time since last request: 8.918242 seconds.
  path: Assets/Custom_Assets/Custom_Fbx/fishOBJ.obj
  artifactKey: Guid(96316f2e1c4b0474db044858da1e1aaf) Importer(815301076,1909f56bfc062723c751e8b465ee728b)
Start importing Assets/Custom_Assets/Custom_Fbx/fishOBJ.obj using Guid(96316f2e1c4b0474db044858da1e1aaf) Importer(815301076,1909f56bfc062723c751e8b465ee728b)  -> (artifact id: 'edd602cec9a43dbed88f0d18b36635a8') in 0.027291 seconds 
  Import took 0.031318 seconds .

========================================================================
Received Import Request.
  Time since last request: 13.089893 seconds.
  path: Assets/Custom_Assets/Custom_Materials/FIsh
  artifactKey: Guid(926436602543a2c4892d12d1fa8ded5e) Importer(815301076,1909f56bfc062723c751e8b465ee728b)
Start importing Assets/Custom_Assets/Custom_Materials/FIsh using Guid(926436602543a2c4892d12d1fa8ded5e) Importer(815301076,1909f56bfc062723c751e8b465ee728b)  -> (artifact id: 'cb23aa4d77e26db957143fe576abc9fa') in 0.005629 seconds 
  Import took 0.009581 seconds .

========================================================================
Received Import Request.
  Time since last request: 4.518483 seconds.
  path: Assets/Custom_Assets/Custom_Materials/Fish
  artifactKey: Guid(926436602543a2c4892d12d1fa8ded5e) Importer(815301076,1909f56bfc062723c751e8b465ee728b)
Start importing Assets/Custom_Assets/Custom_Materials/Fish using Guid(926436602543a2c4892d12d1fa8ded5e) Importer(815301076,1909f56bfc062723c751e8b465ee728b)  -> (artifact id: 'e89e4ba674a89b59d9248bb9a9197d3a') in 0.005299 seconds 
  Import took 0.008885 seconds .

========================================================================
Received Import Request.
  Time since last request: 4.771745 seconds.
  path: Assets/Custom_Assets/Custom_Materials/Shark
  artifactKey: Guid(2b4536673e9a5394c9ca3946f664573a) Importer(815301076,1909f56bfc062723c751e8b465ee728b)
Start importing Assets/Custom_Assets/Custom_Materials/Shark using Guid(2b4536673e9a5394c9ca3946f664573a) Importer(815301076,1909f56bfc062723c751e8b465ee728b)  -> (artifact id: '6f50e3c5e0f872bd9fc6678ac769a360') in 0.001890 seconds 
  Import took 0.005324 seconds .

========================================================================
Received Import Request.
  Time since last request: 4.916339 seconds.
  path: Assets/Custom_Assets/Custom_Materials/Fish/pez 02  bump .jpg
  artifactKey: Guid(6be8562a469c0d3468d2ab9d85691e1f) Importer(815301076,1909f56bfc062723c751e8b465ee728b)
Start importing Assets/Custom_Assets/Custom_Materials/Fish/pez 02  bump .jpg using Guid(6be8562a469c0d3468d2ab9d85691e1f) Importer(815301076,1909f56bfc062723c751e8b465ee728b)  -> (artifact id: '1479448340aaaa120df1249bce9a0313') in 0.026212 seconds 
  Import took 0.029839 seconds .

========================================================================
Received Import Request.
  Time since last request: 0.000148 seconds.
  path: Assets/Custom_Assets/Custom_Materials/Fish/pez 02 difusa.jpg
  artifactKey: Guid(0da5c54c2fbd1d347b0e293f29a1a174) Importer(815301076,1909f56bfc062723c751e8b465ee728b)
Start importing Assets/Custom_Assets/Custom_Materials/Fish/pez 02 difusa.jpg using Guid(0da5c54c2fbd1d347b0e293f29a1a174) Importer(815301076,1909f56bfc062723c751e8b465ee728b)  -> (artifact id: 'e11e7451a7f8327e9584689a5fc1e25b') in 0.010739 seconds 
  Import took 0.013619 seconds .

========================================================================
Received Import Request.
  Time since last request: 6.532802 seconds.
  path: Assets/Custom_Assets/Custom_Materials/Fish/Fish.mat
  artifactKey: Guid(8655709d417d18849adf23e706ecb5c1) Importer(815301076,1909f56bfc062723c751e8b465ee728b)
Start importing Assets/Custom_Assets/Custom_Materials/Fish/Fish.mat using Guid(8655709d417d18849adf23e706ecb5c1) Importer(815301076,1909f56bfc062723c751e8b465ee728b)  -> (artifact id: '4ef147426f12d0087cfa453e2e3eb22b') in 0.010492 seconds 
  Import took 0.014059 seconds .

========================================================================
Received Import Request.
  Time since last request: 7.722197 seconds.
  path: Assets/Custom_Assets/Custom_Fbx/fishOBJ.obj
  artifactKey: Guid(96316f2e1c4b0474db044858da1e1aaf) Importer(815301076,1909f56bfc062723c751e8b465ee728b)
Start importing Assets/Custom_Assets/Custom_Fbx/fishOBJ.obj using Guid(96316f2e1c4b0474db044858da1e1aaf) Importer(815301076,1909f56bfc062723c751e8b465ee728b)  -> (artifact id: '2420ac1d1153ed4dcbb5402b004a06c0') in 0.027133 seconds 
  Import took 0.031100 seconds .

========================================================================
Received Import Request.
  Time since last request: 35.985889 seconds.
  path: Assets/Custom_Assets/Custom_Fbx/fishOBJ.obj
  artifactKey: Guid(96316f2e1c4b0474db044858da1e1aaf) Importer(815301076,1909f56bfc062723c751e8b465ee728b)
Start importing Assets/Custom_Assets/Custom_Fbx/fishOBJ.obj using Guid(96316f2e1c4b0474db044858da1e1aaf) Importer(815301076,1909f56bfc062723c751e8b465ee728b)  -> (artifact id: '60a9baa5a0b1cfb40d83a491ad41a885') in 0.036361 seconds 
  Import took 0.040176 seconds .

========================================================================
Received Prepare
Registering precompiled user dll's ...
Registered in 0.003258 seconds.
Begin MonoManager ReloadAssembly
Native extension for WindowsStandalone target not found
Refreshing native plugins compatible for Editor in 0.54 ms, found 2 plugins.
Preloading 0 native plugins for Editor in 0.00 ms.
Mono: successfully reloaded assembly
- Completed reload, in  0.829 seconds
Domain Reload Profiling:
	ReloadAssembly (830ms)
		BeginReloadAssembly (110ms)
			ExecutionOrderSort (0ms)
			DisableScriptedObjects (3ms)
			BackupInstance (0ms)
			ReleaseScriptingObjects (0ms)
			CreateAndSetChildDomain (31ms)
		EndReloadAssembly (672ms)
			LoadAssemblies (67ms)
			RebuildTransferFunctionScriptingTraits (0ms)
			SetupTypeCache (229ms)
			ReleaseScriptCaches (1ms)
			RebuildScriptCaches (32ms)
			SetupLoadedEditorAssemblies (262ms)
				LogAssemblyErrors (0ms)
				InitializePlatformSupportModulesInManaged (3ms)
				SetLoadedEditorAssemblies (0ms)
				RefreshPlugins (1ms)
				BeforeProcessingInitializeOnLoad (64ms)
				ProcessInitializeOnLoadAttributes (189ms)
				ProcessInitializeOnLoadMethodAttributes (3ms)
				AfterProcessingInitializeOnLoad (2ms)
				EditorAssembliesLoaded (0ms)
			ExecutionOrderSort2 (0ms)
			AwakeInstancesAfterBackupRestoration (5ms)
Platform modules already initialized, skipping
Refreshing native plugins compatible for Editor in 0.55 ms, found 2 plugins.
Preloading 0 native plugins for Editor in 0.00 ms.
Unloading 2288 Unused Serialized files (Serialized files now loaded: 0)
System memory in use before: 104.5 MB.
System memory in use after: 104.6 MB.

Unloading 16 unused Assets to reduce memory usage. Loaded Objects now: 2836.
Total: 2.271100 ms (FindLiveObjects: 0.256000 ms CreateObjectMapping: 0.063600 ms MarkObjects: 1.844900 ms  DeleteObjects: 0.105500 ms)

AssetImportParameters requested are different than current active one (requested -> active):
  custom:framework-win-MediaFoundation: 216162199b28c13a410421893ffa2e32 -> 
  custom:video-decoder-ogg-theora: a1e56fd34408186e4bbccfd4996cb3dc -> 
  custom:container-muxer-webm: aa71ff27fc2769a1b78a27578f13a17b -> 
  custom:container-demuxer-webm: 4f35f7cbe854078d1ac9338744f61a02 -> 
  custom:container-demuxer-ogg: 62fdf1f143b41e24485cea50d1cbac27 -> 
  custom:video-encoder-webm-vp8: eb34c28f22e8b96e1ab97ce403110664 -> 
  custom:video-decoder-webm-vp8: 9c59270c3fd7afecdb556c50c9e8de78 -> 
  custom:audio-decoder-ogg-vorbis: bf7c407c2cedff20999df2af8eb42d56 -> 
  custom:audio-encoder-webm-vorbis: bf7c407c2cedff20999df2af8eb42d56 -> 
========================================================================
Received Import Request.
  Time since last request: 371.230018 seconds.
  path: Assets/MovePlayer.cs
  artifactKey: Guid(b1e3542f8112a1047ab6446a12c5a3f7) Importer(815301076,1909f56bfc062723c751e8b465ee728b)
Start importing Assets/MovePlayer.cs using Guid(b1e3542f8112a1047ab6446a12c5a3f7) Importer(815301076,1909f56bfc062723c751e8b465ee728b)  -> (artifact id: '0a7a882f017138dd4032ba6c49b1c8b9') in 0.011954 seconds 
  Import took 0.015537 seconds .

========================================================================
Received Prepare
Registering precompiled user dll's ...
Registered in 0.003295 seconds.
Begin MonoManager ReloadAssembly
Native extension for WindowsStandalone target not found
Refreshing native plugins compatible for Editor in 0.54 ms, found 2 plugins.
Preloading 0 native plugins for Editor in 0.00 ms.
Mono: successfully reloaded assembly
- Completed reload, in  0.847 seconds
Domain Reload Profiling:
	ReloadAssembly (848ms)
		BeginReloadAssembly (97ms)
			ExecutionOrderSort (0ms)
			DisableScriptedObjects (4ms)
			BackupInstance (0ms)
			ReleaseScriptingObjects (0ms)
			CreateAndSetChildDomain (30ms)
		EndReloadAssembly (702ms)
			LoadAssemblies (68ms)
			RebuildTransferFunctionScriptingTraits (0ms)
			SetupTypeCache (226ms)
			ReleaseScriptCaches (1ms)
			RebuildScriptCaches (33ms)
			SetupLoadedEditorAssemblies (288ms)
				LogAssemblyErrors (0ms)
				InitializePlatformSupportModulesInManaged (3ms)
				SetLoadedEditorAssemblies (0ms)
				RefreshPlugins (1ms)
				BeforeProcessingInitializeOnLoad (65ms)
				ProcessInitializeOnLoadAttributes (214ms)
				ProcessInitializeOnLoadMethodAttributes (3ms)
				AfterProcessingInitializeOnLoad (2ms)
				EditorAssembliesLoaded (0ms)
			ExecutionOrderSort2 (0ms)
			AwakeInstancesAfterBackupRestoration (5ms)
Platform modules already initialized, skipping
Refreshing native plugins compatible for Editor in 0.58 ms, found 2 plugins.
Preloading 0 native plugins for Editor in 0.00 ms.
Unloading 2288 Unused Serialized files (Serialized files now loaded: 0)
System memory in use before: 104.5 MB.
System memory in use after: 104.7 MB.

Unloading 16 unused Assets to reduce memory usage. Loaded Objects now: 2839.
Total: 2.365000 ms (FindLiveObjects: 0.282600 ms CreateObjectMapping: 0.061000 ms MarkObjects: 1.896800 ms  DeleteObjects: 0.123000 ms)

AssetImportParameters requested are different than current active one (requested -> active):
  custom:framework-win-MediaFoundation: 216162199b28c13a410421893ffa2e32 -> 
  custom:video-decoder-ogg-theora: a1e56fd34408186e4bbccfd4996cb3dc -> 
  custom:container-muxer-webm: aa71ff27fc2769a1b78a27578f13a17b -> 
  custom:container-demuxer-webm: 4f35f7cbe854078d1ac9338744f61a02 -> 
  custom:container-demuxer-ogg: 62fdf1f143b41e24485cea50d1cbac27 -> 
  custom:video-encoder-webm-vp8: eb34c28f22e8b96e1ab97ce403110664 -> 
  custom:video-decoder-webm-vp8: 9c59270c3fd7afecdb556c50c9e8de78 -> 
  custom:audio-decoder-ogg-vorbis: bf7c407c2cedff20999df2af8eb42d56 -> 
  custom:audio-encoder-webm-vorbis: bf7c407c2cedff20999df2af8eb42d56 -> 
========================================================================
Received Import Request.
  Time since last request: 18.051726 seconds.
  path: Assets/MovePlayer.cs
  artifactKey: Guid(b1e3542f8112a1047ab6446a12c5a3f7) Importer(815301076,1909f56bfc062723c751e8b465ee728b)
Start importing Assets/MovePlayer.cs using Guid(b1e3542f8112a1047ab6446a12c5a3f7) Importer(815301076,1909f56bfc062723c751e8b465ee728b)  -> (artifact id: '8682efd69a647d278135e3393b56cc2c') in 0.005225 seconds 
  Import took 0.008528 seconds .

========================================================================
Received Prepare
Registering precompiled user dll's ...
Registered in 0.003149 seconds.
Begin MonoManager ReloadAssembly
Native extension for WindowsStandalone target not found
Refreshing native plugins compatible for Editor in 0.52 ms, found 2 plugins.
Preloading 0 native plugins for Editor in 0.00 ms.
Mono: successfully reloaded assembly
- Completed reload, in  0.813 seconds
Domain Reload Profiling:
	ReloadAssembly (814ms)
		BeginReloadAssembly (98ms)
			ExecutionOrderSort (0ms)
			DisableScriptedObjects (3ms)
			BackupInstance (0ms)
			ReleaseScriptingObjects (0ms)
			CreateAndSetChildDomain (30ms)
		EndReloadAssembly (669ms)
			LoadAssemblies (67ms)
			RebuildTransferFunctionScriptingTraits (0ms)
			SetupTypeCache (225ms)
			ReleaseScriptCaches (1ms)
			RebuildScriptCaches (34ms)
			SetupLoadedEditorAssemblies (260ms)
				LogAssemblyErrors (0ms)
				InitializePlatformSupportModulesInManaged (3ms)
				SetLoadedEditorAssemblies (0ms)
				RefreshPlugins (1ms)
				BeforeProcessingInitializeOnLoad (64ms)
				ProcessInitializeOnLoadAttributes (187ms)
				ProcessInitializeOnLoadMethodAttributes (3ms)
				AfterProcessingInitializeOnLoad (2ms)
				EditorAssembliesLoaded (0ms)
			ExecutionOrderSort2 (0ms)
			AwakeInstancesAfterBackupRestoration (5ms)
Platform modules already initialized, skipping
Refreshing native plugins compatible for Editor in 0.54 ms, found 2 plugins.
Preloading 0 native plugins for Editor in 0.00 ms.
Unloading 2288 Unused Serialized files (Serialized files now loaded: 0)
System memory in use before: 104.5 MB.
System memory in use after: 104.7 MB.

Unloading 16 unused Assets to reduce memory usage. Loaded Objects now: 2842.
Total: 2.244800 ms (FindLiveObjects: 0.247900 ms CreateObjectMapping: 0.062700 ms MarkObjects: 1.825700 ms  DeleteObjects: 0.107500 ms)

AssetImportParameters requested are different than current active one (requested -> active):
  custom:framework-win-MediaFoundation: 216162199b28c13a410421893ffa2e32 -> 
  custom:video-decoder-ogg-theora: a1e56fd34408186e4bbccfd4996cb3dc -> 
  custom:container-muxer-webm: aa71ff27fc2769a1b78a27578f13a17b -> 
  custom:container-demuxer-webm: 4f35f7cbe854078d1ac9338744f61a02 -> 
  custom:container-demuxer-ogg: 62fdf1f143b41e24485cea50d1cbac27 -> 
  custom:video-encoder-webm-vp8: eb34c28f22e8b96e1ab97ce403110664 -> 
  custom:video-decoder-webm-vp8: 9c59270c3fd7afecdb556c50c9e8de78 -> 
  custom:audio-decoder-ogg-vorbis: bf7c407c2cedff20999df2af8eb42d56 -> 
  custom:audio-encoder-webm-vorbis: bf7c407c2cedff20999df2af8eb42d56 -> 
========================================================================
Received Prepare
Registering precompiled user dll's ...
Registered in 0.003276 seconds.
Begin MonoManager ReloadAssembly
Native extension for WindowsStandalone target not found
Refreshing native plugins compatible for Editor in 0.55 ms, found 2 plugins.
Preloading 0 native plugins for Editor in 0.00 ms.
Mono: successfully reloaded assembly
- Completed reload, in  0.826 seconds
Domain Reload Profiling:
	ReloadAssembly (827ms)
		BeginReloadAssembly (98ms)
			ExecutionOrderSort (0ms)
			DisableScriptedObjects (3ms)
			BackupInstance (0ms)
			ReleaseScriptingObjects (0ms)
			CreateAndSetChildDomain (29ms)
		EndReloadAssembly (679ms)
			LoadAssemblies (66ms)
			RebuildTransferFunctionScriptingTraits (0ms)
			SetupTypeCache (233ms)
			ReleaseScriptCaches (1ms)
			RebuildScriptCaches (32ms)
			SetupLoadedEditorAssemblies (261ms)
				LogAssemblyErrors (0ms)
				InitializePlatformSupportModulesInManaged (3ms)
				SetLoadedEditorAssemblies (0ms)
				RefreshPlugins (1ms)
				BeforeProcessingInitializeOnLoad (66ms)
				ProcessInitializeOnLoadAttributes (186ms)
				ProcessInitializeOnLoadMethodAttributes (3ms)
				AfterProcessingInitializeOnLoad (2ms)
				EditorAssembliesLoaded (0ms)
			ExecutionOrderSort2 (0ms)
			AwakeInstancesAfterBackupRestoration (5ms)
Platform modules already initialized, skipping
Refreshing native plugins compatible for Editor in 0.55 ms, found 2 plugins.
Preloading 0 native plugins for Editor in 0.00 ms.
Unloading 2288 Unused Serialized files (Serialized files now loaded: 0)
System memory in use before: 104.6 MB.
System memory in use after: 104.7 MB.

Unloading 16 unused Assets to reduce memory usage. Loaded Objects now: 2845.
Total: 2.270900 ms (FindLiveObjects: 0.239100 ms CreateObjectMapping: 0.061300 ms MarkObjects: 1.865400 ms  DeleteObjects: 0.104200 ms)

AssetImportParameters requested are different than current active one (requested -> active):
  custom:framework-win-MediaFoundation: 216162199b28c13a410421893ffa2e32 -> 
  custom:video-decoder-ogg-theora: a1e56fd34408186e4bbccfd4996cb3dc -> 
  custom:container-muxer-webm: aa71ff27fc2769a1b78a27578f13a17b -> 
  custom:container-demuxer-webm: 4f35f7cbe854078d1ac9338744f61a02 -> 
  custom:container-demuxer-ogg: 62fdf1f143b41e24485cea50d1cbac27 -> 
  custom:video-encoder-webm-vp8: eb34c28f22e8b96e1ab97ce403110664 -> 
  custom:video-decoder-webm-vp8: 9c59270c3fd7afecdb556c50c9e8de78 -> 
  custom:audio-decoder-ogg-vorbis: bf7c407c2cedff20999df2af8eb42d56 -> 
  custom:audio-encoder-webm-vorbis: bf7c407c2cedff20999df2af8eb42d56 -> 
========================================================================
Received Import Request.
  Time since last request: 246.847303 seconds.
  path: Assets
  artifactKey: Guid(00000000000000001000000000000000) Importer(815301076,1909f56bfc062723c751e8b465ee728b)
Start importing Assets using Guid(00000000000000001000000000000000) Importer(815301076,1909f56bfc062723c751e8b465ee728b)  -> (artifact id: '42d402b061de3733987d63b9cc3b64de') in 0.008581 seconds 
  Import took 0.012269 seconds .

========================================================================
Received Import Request.
  Time since last request: 11.936114 seconds.
  path: Assets/ThirdCamera.cs
  artifactKey: Guid(762d45a3fda9690408bdb70198918ca6) Importer(815301076,1909f56bfc062723c751e8b465ee728b)
Start importing Assets/ThirdCamera.cs using Guid(762d45a3fda9690408bdb70198918ca6) Importer(815301076,1909f56bfc062723c751e8b465ee728b)  -> (artifact id: 'f61b266e93ab745cf94fce1f5b36f050') in 0.005573 seconds 
  Import took 0.009274 seconds .

========================================================================
Received Prepare
Registering precompiled user dll's ...
Registered in 0.003261 seconds.
Begin MonoManager ReloadAssembly
Native extension for WindowsStandalone target not found
Refreshing native plugins compatible for Editor in 0.55 ms, found 2 plugins.
Preloading 0 native plugins for Editor in 0.00 ms.
Mono: successfully reloaded assembly
- Completed reload, in  0.829 seconds
Domain Reload Profiling:
	ReloadAssembly (830ms)
		BeginReloadAssembly (95ms)
			ExecutionOrderSort (0ms)
			DisableScriptedObjects (3ms)
			BackupInstance (0ms)
			ReleaseScriptingObjects (0ms)
			CreateAndSetChildDomain (32ms)
		EndReloadAssembly (687ms)
			LoadAssemblies (68ms)
			RebuildTransferFunctionScriptingTraits (0ms)
			SetupTypeCache (234ms)
			ReleaseScriptCaches (1ms)
			RebuildScriptCaches (33ms)
			SetupLoadedEditorAssemblies (265ms)
				LogAssemblyErrors (0ms)
				InitializePlatformSupportModulesInManaged (3ms)
				SetLoadedEditorAssemblies (0ms)
				RefreshPlugins (1ms)
				BeforeProcessingInitializeOnLoad (65ms)
				ProcessInitializeOnLoadAttributes (191ms)
				ProcessInitializeOnLoadMethodAttributes (4ms)
				AfterProcessingInitializeOnLoad (2ms)
				EditorAssembliesLoaded (0ms)
			ExecutionOrderSort2 (0ms)
			AwakeInstancesAfterBackupRestoration (5ms)
Platform modules already initialized, skipping
Refreshing native plugins compatible for Editor in 0.56 ms, found 2 plugins.
Preloading 0 native plugins for Editor in 0.00 ms.
Unloading 2289 Unused Serialized files (Serialized files now loaded: 0)
System memory in use before: 104.5 MB.
System memory in use after: 104.7 MB.

Unloading 16 unused Assets to reduce memory usage. Loaded Objects now: 2849.
Total: 2.300700 ms (FindLiveObjects: 0.286300 ms CreateObjectMapping: 0.061200 ms MarkObjects: 1.847100 ms  DeleteObjects: 0.105200 ms)

AssetImportParameters requested are different than current active one (requested -> active):
  custom:framework-win-MediaFoundation: 216162199b28c13a410421893ffa2e32 -> 
  custom:video-decoder-ogg-theora: a1e56fd34408186e4bbccfd4996cb3dc -> 
  custom:container-muxer-webm: aa71ff27fc2769a1b78a27578f13a17b -> 
  custom:container-demuxer-webm: 4f35f7cbe854078d1ac9338744f61a02 -> 
  custom:container-demuxer-ogg: 62fdf1f143b41e24485cea50d1cbac27 -> 
  custom:video-encoder-webm-vp8: eb34c28f22e8b96e1ab97ce403110664 -> 
  custom:video-decoder-webm-vp8: 9c59270c3fd7afecdb556c50c9e8de78 -> 
  custom:audio-decoder-ogg-vorbis: bf7c407c2cedff20999df2af8eb42d56 -> 
  custom:audio-encoder-webm-vorbis: bf7c407c2cedff20999df2af8eb42d56 -> 
========================================================================
Received Import Request.
  Time since last request: 98.432546 seconds.
  path: Assets/ThirdCamera.cs
  artifactKey: Guid(762d45a3fda9690408bdb70198918ca6) Importer(815301076,1909f56bfc062723c751e8b465ee728b)
Start importing Assets/ThirdCamera.cs using Guid(762d45a3fda9690408bdb70198918ca6) Importer(815301076,1909f56bfc062723c751e8b465ee728b)  -> (artifact id: '5e447331662f01da08229c22807ab8e9') in 0.005175 seconds 
  Import took 0.008839 seconds .

========================================================================
Received Prepare
Registering precompiled user dll's ...
Registered in 0.003648 seconds.
Begin MonoManager ReloadAssembly
Native extension for WindowsStandalone target not found
Refreshing native plugins compatible for Editor in 0.56 ms, found 2 plugins.
Preloading 0 native plugins for Editor in 0.00 ms.
Mono: successfully reloaded assembly
- Completed reload, in  0.819 seconds
Domain Reload Profiling:
	ReloadAssembly (820ms)
		BeginReloadAssembly (101ms)
			ExecutionOrderSort (0ms)
			DisableScriptedObjects (3ms)
			BackupInstance (0ms)
			ReleaseScriptingObjects (0ms)
			CreateAndSetChildDomain (27ms)
		EndReloadAssembly (672ms)
			LoadAssemblies (66ms)
			RebuildTransferFunctionScriptingTraits (0ms)
			SetupTypeCache (223ms)
			ReleaseScriptCaches (1ms)
			RebuildScriptCaches (33ms)
			SetupLoadedEditorAssemblies (265ms)
				LogAssemblyErrors (0ms)
				InitializePlatformSupportModulesInManaged (3ms)
				SetLoadedEditorAssemblies (0ms)
				RefreshPlugins (1ms)
				BeforeProcessingInitializeOnLoad (65ms)
				ProcessInitializeOnLoadAttributes (191ms)
				ProcessInitializeOnLoadMethodAttributes (3ms)
				AfterProcessingInitializeOnLoad (2ms)
				EditorAssembliesLoaded (0ms)
			ExecutionOrderSort2 (0ms)
			AwakeInstancesAfterBackupRestoration (4ms)
Platform modules already initialized, skipping
Refreshing native plugins compatible for Editor in 0.54 ms, found 2 plugins.
Preloading 0 native plugins for Editor in 0.00 ms.
Unloading 2289 Unused Serialized files (Serialized files now loaded: 0)
System memory in use before: 104.6 MB.
System memory in use after: 104.8 MB.

Unloading 16 unused Assets to reduce memory usage. Loaded Objects now: 2852.
Total: 2.253200 ms (FindLiveObjects: 0.239600 ms CreateObjectMapping: 0.059800 ms MarkObjects: 1.846700 ms  DeleteObjects: 0.106000 ms)

AssetImportParameters requested are different than current active one (requested -> active):
  custom:framework-win-MediaFoundation: 216162199b28c13a410421893ffa2e32 -> 
  custom:video-decoder-ogg-theora: a1e56fd34408186e4bbccfd4996cb3dc -> 
  custom:container-muxer-webm: aa71ff27fc2769a1b78a27578f13a17b -> 
  custom:container-demuxer-webm: 4f35f7cbe854078d1ac9338744f61a02 -> 
  custom:container-demuxer-ogg: 62fdf1f143b41e24485cea50d1cbac27 -> 
  custom:video-encoder-webm-vp8: eb34c28f22e8b96e1ab97ce403110664 -> 
  custom:video-decoder-webm-vp8: 9c59270c3fd7afecdb556c50c9e8de78 -> 
  custom:audio-decoder-ogg-vorbis: bf7c407c2cedff20999df2af8eb42d56 -> 
  custom:audio-encoder-webm-vorbis: bf7c407c2cedff20999df2af8eb42d56 -> 
========================================================================
Received Prepare
Registering precompiled user dll's ...
Registered in 0.003429 seconds.
Begin MonoManager ReloadAssembly
Native extension for WindowsStandalone target not found
Refreshing native plugins compatible for Editor in 0.54 ms, found 2 plugins.
Preloading 0 native plugins for Editor in 0.00 ms.
Mono: successfully reloaded assembly
- Completed reload, in  0.809 seconds
Domain Reload Profiling:
	ReloadAssembly (809ms)
		BeginReloadAssembly (101ms)
			ExecutionOrderSort (0ms)
			DisableScriptedObjects (3ms)
			BackupInstance (0ms)
			ReleaseScriptingObjects (0ms)
			CreateAndSetChildDomain (28ms)
		EndReloadAssembly (661ms)
			LoadAssemblies (66ms)
			RebuildTransferFunctionScriptingTraits (0ms)
			SetupTypeCache (222ms)
			ReleaseScriptCaches (1ms)
			RebuildScriptCaches (32ms)
			SetupLoadedEditorAssemblies (256ms)
				LogAssemblyErrors (0ms)
				InitializePlatformSupportModulesInManaged (3ms)
				SetLoadedEditorAssemblies (0ms)
				RefreshPlugins (1ms)
				BeforeProcessingInitializeOnLoad (64ms)
				ProcessInitializeOnLoadAttributes (183ms)
				ProcessInitializeOnLoadMethodAttributes (3ms)
				AfterProcessingInitializeOnLoad (2ms)
				EditorAssembliesLoaded (0ms)
			ExecutionOrderSort2 (0ms)
			AwakeInstancesAfterBackupRestoration (4ms)
Platform modules already initialized, skipping
Refreshing native plugins compatible for Editor in 0.54 ms, found 2 plugins.
Preloading 0 native plugins for Editor in 0.00 ms.
Unloading 2289 Unused Serialized files (Serialized files now loaded: 0)
System memory in use before: 104.6 MB.
System memory in use after: 104.8 MB.

Unloading 16 unused Assets to reduce memory usage. Loaded Objects now: 2855.
Total: 2.818400 ms (FindLiveObjects: 0.263700 ms CreateObjectMapping: 0.064900 ms MarkObjects: 2.342000 ms  DeleteObjects: 0.146600 ms)

AssetImportParameters requested are different than current active one (requested -> active):
  custom:framework-win-MediaFoundation: 216162199b28c13a410421893ffa2e32 -> 
  custom:video-decoder-ogg-theora: a1e56fd34408186e4bbccfd4996cb3dc -> 
  custom:container-muxer-webm: aa71ff27fc2769a1b78a27578f13a17b -> 
  custom:container-demuxer-webm: 4f35f7cbe854078d1ac9338744f61a02 -> 
  custom:container-demuxer-ogg: 62fdf1f143b41e24485cea50d1cbac27 -> 
  custom:video-encoder-webm-vp8: eb34c28f22e8b96e1ab97ce403110664 -> 
  custom:video-decoder-webm-vp8: 9c59270c3fd7afecdb556c50c9e8de78 -> 
  custom:audio-decoder-ogg-vorbis: bf7c407c2cedff20999df2af8eb42d56 -> 
  custom:audio-encoder-webm-vorbis: bf7c407c2cedff20999df2af8eb42d56 -> 
========================================================================
Received Prepare
Registering precompiled user dll's ...
Registered in 0.003335 seconds.
Begin MonoManager ReloadAssembly
Native extension for WindowsStandalone target not found
Refreshing native plugins compatible for Editor in 0.54 ms, found 2 plugins.
Preloading 0 native plugins for Editor in 0.00 ms.
Mono: successfully reloaded assembly
- Completed reload, in  0.809 seconds
Domain Reload Profiling:
	ReloadAssembly (809ms)
		BeginReloadAssembly (103ms)
			ExecutionOrderSort (0ms)
			DisableScriptedObjects (4ms)
			BackupInstance (0ms)
			ReleaseScriptingObjects (0ms)
			CreateAndSetChildDomain (29ms)
		EndReloadAssembly (659ms)
			LoadAssemblies (65ms)
			RebuildTransferFunctionScriptingTraits (0ms)
			SetupTypeCache (214ms)
			ReleaseScriptCaches (1ms)
			RebuildScriptCaches (32ms)
			SetupLoadedEditorAssemblies (261ms)
				LogAssemblyErrors (0ms)
				InitializePlatformSupportModulesInManaged (3ms)
				SetLoadedEditorAssemblies (0ms)
				RefreshPlugins (1ms)
				BeforeProcessingInitializeOnLoad (64ms)
				ProcessInitializeOnLoadAttributes (187ms)
				ProcessInitializeOnLoadMethodAttributes (3ms)
				AfterProcessingInitializeOnLoad (2ms)
				EditorAssembliesLoaded (0ms)
			ExecutionOrderSort2 (0ms)
			AwakeInstancesAfterBackupRestoration (5ms)
Platform modules already initialized, skipping
Refreshing native plugins compatible for Editor in 0.57 ms, found 2 plugins.
Preloading 0 native plugins for Editor in 0.00 ms.
Unloading 2289 Unused Serialized files (Serialized files now loaded: 0)
System memory in use before: 104.6 MB.
System memory in use after: 104.8 MB.

Unloading 16 unused Assets to reduce memory usage. Loaded Objects now: 2858.
Total: 2.545700 ms (FindLiveObjects: 0.308600 ms CreateObjectMapping: 0.054800 ms MarkObjects: 2.059000 ms  DeleteObjects: 0.121600 ms)

AssetImportParameters requested are different than current active one (requested -> active):
  custom:framework-win-MediaFoundation: 216162199b28c13a410421893ffa2e32 -> 
  custom:video-decoder-ogg-theora: a1e56fd34408186e4bbccfd4996cb3dc -> 
  custom:container-muxer-webm: aa71ff27fc2769a1b78a27578f13a17b -> 
  custom:container-demuxer-webm: 4f35f7cbe854078d1ac9338744f61a02 -> 
  custom:container-demuxer-ogg: 62fdf1f143b41e24485cea50d1cbac27 -> 
  custom:video-encoder-webm-vp8: eb34c28f22e8b96e1ab97ce403110664 -> 
  custom:video-decoder-webm-vp8: 9c59270c3fd7afecdb556c50c9e8de78 -> 
  custom:audio-decoder-ogg-vorbis: bf7c407c2cedff20999df2af8eb42d56 -> 
  custom:audio-encoder-webm-vorbis: bf7c407c2cedff20999df2af8eb42d56 -> 
========================================================================
Received Prepare
Registering precompiled user dll's ...
Registered in 0.003310 seconds.
Begin MonoManager ReloadAssembly
Native extension for WindowsStandalone target not found
Refreshing native plugins compatible for Editor in 0.55 ms, found 2 plugins.
Preloading 0 native plugins for Editor in 0.00 ms.
Mono: successfully reloaded assembly
- Completed reload, in  0.822 seconds
Domain Reload Profiling:
	ReloadAssembly (822ms)
		BeginReloadAssembly (99ms)
			ExecutionOrderSort (0ms)
			DisableScriptedObjects (3ms)
			BackupInstance (0ms)
			ReleaseScriptingObjects (0ms)
			CreateAndSetChildDomain (27ms)
		EndReloadAssembly (676ms)
			LoadAssemblies (65ms)
			RebuildTransferFunctionScriptingTraits (0ms)
			SetupTypeCache (229ms)
			ReleaseScriptCaches (1ms)
			RebuildScriptCaches (33ms)
			SetupLoadedEditorAssemblies (264ms)
				LogAssemblyErrors (0ms)
				InitializePlatformSupportModulesInManaged (3ms)
				SetLoadedEditorAssemblies (0ms)
				RefreshPlugins (1ms)
				BeforeProcessingInitializeOnLoad (64ms)
				ProcessInitializeOnLoadAttributes (191ms)
				ProcessInitializeOnLoadMethodAttributes (3ms)
				AfterProcessingInitializeOnLoad (2ms)
				EditorAssembliesLoaded (0ms)
			ExecutionOrderSort2 (0ms)
			AwakeInstancesAfterBackupRestoration (5ms)
Platform modules already initialized, skipping
Refreshing native plugins compatible for Editor in 0.55 ms, found 2 plugins.
Preloading 0 native plugins for Editor in 0.00 ms.
Unloading 2289 Unused Serialized files (Serialized files now loaded: 0)
System memory in use before: 104.7 MB.
System memory in use after: 104.8 MB.

Unloading 16 unused Assets to reduce memory usage. Loaded Objects now: 2861.
Total: 2.274300 ms (FindLiveObjects: 0.230000 ms CreateObjectMapping: 0.060800 ms MarkObjects: 1.875000 ms  DeleteObjects: 0.107500 ms)

AssetImportParameters requested are different than current active one (requested -> active):
  custom:framework-win-MediaFoundation: 216162199b28c13a410421893ffa2e32 -> 
  custom:video-decoder-ogg-theora: a1e56fd34408186e4bbccfd4996cb3dc -> 
  custom:container-muxer-webm: aa71ff27fc2769a1b78a27578f13a17b -> 
  custom:container-demuxer-webm: 4f35f7cbe854078d1ac9338744f61a02 -> 
  custom:container-demuxer-ogg: 62fdf1f143b41e24485cea50d1cbac27 -> 
  custom:video-encoder-webm-vp8: eb34c28f22e8b96e1ab97ce403110664 -> 
  custom:video-decoder-webm-vp8: 9c59270c3fd7afecdb556c50c9e8de78 -> 
  custom:audio-decoder-ogg-vorbis: bf7c407c2cedff20999df2af8eb42d56 -> 
  custom:audio-encoder-webm-vorbis: bf7c407c2cedff20999df2af8eb42d56 -> 
========================================================================
Received Prepare
Registering precompiled user dll's ...
Registered in 0.003311 seconds.
Begin MonoManager ReloadAssembly
Native extension for WindowsStandalone target not found
Refreshing native plugins compatible for Editor in 0.59 ms, found 2 plugins.
Preloading 0 native plugins for Editor in 0.00 ms.
Mono: successfully reloaded assembly
- Completed reload, in  0.825 seconds
Domain Reload Profiling:
	ReloadAssembly (826ms)
		BeginReloadAssembly (102ms)
			ExecutionOrderSort (0ms)
			DisableScriptedObjects (3ms)
			BackupInstance (0ms)
			ReleaseScriptingObjects (0ms)
			CreateAndSetChildDomain (26ms)
		EndReloadAssembly (677ms)
			LoadAssemblies (64ms)
			RebuildTransferFunctionScriptingTraits (0ms)
			SetupTypeCache (226ms)
			ReleaseScriptCaches (1ms)
			RebuildScriptCaches (34ms)
			SetupLoadedEditorAssemblies (266ms)
				LogAssemblyErrors (0ms)
				InitializePlatformSupportModulesInManaged (3ms)
				SetLoadedEditorAssemblies (0ms)
				RefreshPlugins (1ms)
				BeforeProcessingInitializeOnLoad (66ms)
				ProcessInitializeOnLoadAttributes (191ms)
				ProcessInitializeOnLoadMethodAttributes (3ms)
				AfterProcessingInitializeOnLoad (2ms)
				EditorAssembliesLoaded (0ms)
			ExecutionOrderSort2 (0ms)
			AwakeInstancesAfterBackupRestoration (5ms)
Platform modules already initialized, skipping
Refreshing native plugins compatible for Editor in 0.54 ms, found 2 plugins.
Preloading 0 native plugins for Editor in 0.00 ms.
Unloading 2289 Unused Serialized files (Serialized files now loaded: 0)
System memory in use before: 104.6 MB.
System memory in use after: 104.7 MB.

Unloading 16 unused Assets to reduce memory usage. Loaded Objects now: 2864.
Total: 2.254600 ms (FindLiveObjects: 0.241100 ms CreateObjectMapping: 0.060400 ms MarkObjects: 1.849100 ms  DeleteObjects: 0.103000 ms)

AssetImportParameters requested are different than current active one (requested -> active):
  custom:framework-win-MediaFoundation: 216162199b28c13a410421893ffa2e32 -> 
  custom:video-decoder-ogg-theora: a1e56fd34408186e4bbccfd4996cb3dc -> 
  custom:container-muxer-webm: aa71ff27fc2769a1b78a27578f13a17b -> 
  custom:container-demuxer-webm: 4f35f7cbe854078d1ac9338744f61a02 -> 
  custom:container-demuxer-ogg: 62fdf1f143b41e24485cea50d1cbac27 -> 
  custom:video-encoder-webm-vp8: eb34c28f22e8b96e1ab97ce403110664 -> 
  custom:video-decoder-webm-vp8: 9c59270c3fd7afecdb556c50c9e8de78 -> 
  custom:audio-decoder-ogg-vorbis: bf7c407c2cedff20999df2af8eb42d56 -> 
  custom:audio-encoder-webm-vorbis: bf7c407c2cedff20999df2af8eb42d56 -> 
========================================================================
Received Prepare
Registering precompiled user dll's ...
Registered in 0.003432 seconds.
Begin MonoManager ReloadAssembly
Native extension for WindowsStandalone target not found
Refreshing native plugins compatible for Editor in 0.55 ms, found 2 plugins.
Preloading 0 native plugins for Editor in 0.00 ms.
Mono: successfully reloaded assembly
- Completed reload, in  0.811 seconds
Domain Reload Profiling:
	ReloadAssembly (812ms)
		BeginReloadAssembly (104ms)
			ExecutionOrderSort (0ms)
			DisableScriptedObjects (3ms)
			BackupInstance (0ms)
			ReleaseScriptingObjects (0ms)
			CreateAndSetChildDomain (27ms)
		EndReloadAssembly (659ms)
			LoadAssemblies (67ms)
			RebuildTransferFunctionScriptingTraits (0ms)
			SetupTypeCache (217ms)
			ReleaseScriptCaches (1ms)
			RebuildScriptCaches (34ms)
			SetupLoadedEditorAssemblies (259ms)
				LogAssemblyErrors (0ms)
				InitializePlatformSupportModulesInManaged (3ms)
				SetLoadedEditorAssemblies (0ms)
				RefreshPlugins (1ms)
				BeforeProcessingInitializeOnLoad (64ms)
				ProcessInitializeOnLoadAttributes (185ms)
				ProcessInitializeOnLoadMethodAttributes (3ms)
				AfterProcessingInitializeOnLoad (2ms)
				EditorAssembliesLoaded (0ms)
			ExecutionOrderSort2 (0ms)
			AwakeInstancesAfterBackupRestoration (4ms)
Platform modules already initialized, skipping
Refreshing native plugins compatible for Editor in 0.56 ms, found 2 plugins.
Preloading 0 native plugins for Editor in 0.00 ms.
Unloading 2289 Unused Serialized files (Serialized files now loaded: 0)
System memory in use before: 104.7 MB.
System memory in use after: 104.8 MB.

Unloading 16 unused Assets to reduce memory usage. Loaded Objects now: 2867.
Total: 2.361800 ms (FindLiveObjects: 0.274200 ms CreateObjectMapping: 0.061200 ms MarkObjects: 1.914300 ms  DeleteObjects: 0.110700 ms)

AssetImportParameters requested are different than current active one (requested -> active):
  custom:framework-win-MediaFoundation: 216162199b28c13a410421893ffa2e32 -> 
  custom:video-decoder-ogg-theora: a1e56fd34408186e4bbccfd4996cb3dc -> 
  custom:container-muxer-webm: aa71ff27fc2769a1b78a27578f13a17b -> 
  custom:container-demuxer-webm: 4f35f7cbe854078d1ac9338744f61a02 -> 
  custom:container-demuxer-ogg: 62fdf1f143b41e24485cea50d1cbac27 -> 
  custom:video-encoder-webm-vp8: eb34c28f22e8b96e1ab97ce403110664 -> 
  custom:video-decoder-webm-vp8: 9c59270c3fd7afecdb556c50c9e8de78 -> 
  custom:audio-decoder-ogg-vorbis: bf7c407c2cedff20999df2af8eb42d56 -> 
  custom:audio-encoder-webm-vorbis: bf7c407c2cedff20999df2af8eb42d56 -> 
========================================================================
Received Prepare
Registering precompiled user dll's ...
Registered in 0.003303 seconds.
Begin MonoManager ReloadAssembly
Native extension for WindowsStandalone target not found
Refreshing native plugins compatible for Editor in 0.54 ms, found 2 plugins.
Preloading 0 native plugins for Editor in 0.00 ms.
Mono: successfully reloaded assembly
- Completed reload, in  0.817 seconds
Domain Reload Profiling:
	ReloadAssembly (818ms)
		BeginReloadAssembly (100ms)
			ExecutionOrderSort (0ms)
			DisableScriptedObjects (3ms)
			BackupInstance (0ms)
			ReleaseScriptingObjects (0ms)
			CreateAndSetChildDomain (26ms)
		EndReloadAssembly (670ms)
			LoadAssemblies (64ms)
			RebuildTransferFunctionScriptingTraits (0ms)
			SetupTypeCache (223ms)
			ReleaseScriptCaches (1ms)
			RebuildScriptCaches (33ms)
			SetupLoadedEditorAssemblies (266ms)
				LogAssemblyErrors (0ms)
				InitializePlatformSupportModulesInManaged (3ms)
				SetLoadedEditorAssemblies (0ms)
				RefreshPlugins (1ms)
				BeforeProcessingInitializeOnLoad (66ms)
				ProcessInitializeOnLoadAttributes (191ms)
				ProcessInitializeOnLoadMethodAttributes (3ms)
				AfterProcessingInitializeOnLoad (2ms)
				EditorAssembliesLoaded (0ms)
			ExecutionOrderSort2 (0ms)
			AwakeInstancesAfterBackupRestoration (5ms)
Platform modules already initialized, skipping
Refreshing native plugins compatible for Editor in 0.54 ms, found 2 plugins.
Preloading 0 native plugins for Editor in 0.00 ms.
Unloading 2289 Unused Serialized files (Serialized files now loaded: 0)
System memory in use before: 104.7 MB.
System memory in use after: 104.8 MB.

Unloading 16 unused Assets to reduce memory usage. Loaded Objects now: 2870.
Total: 2.266600 ms (FindLiveObjects: 0.228800 ms CreateObjectMapping: 0.060600 ms MarkObjects: 1.873000 ms  DeleteObjects: 0.103500 ms)

AssetImportParameters requested are different than current active one (requested -> active):
  custom:framework-win-MediaFoundation: 216162199b28c13a410421893ffa2e32 -> 
  custom:video-decoder-ogg-theora: a1e56fd34408186e4bbccfd4996cb3dc -> 
  custom:container-muxer-webm: aa71ff27fc2769a1b78a27578f13a17b -> 
  custom:container-demuxer-webm: 4f35f7cbe854078d1ac9338744f61a02 -> 
  custom:container-demuxer-ogg: 62fdf1f143b41e24485cea50d1cbac27 -> 
  custom:video-encoder-webm-vp8: eb34c28f22e8b96e1ab97ce403110664 -> 
  custom:video-decoder-webm-vp8: 9c59270c3fd7afecdb556c50c9e8de78 -> 
  custom:audio-decoder-ogg-vorbis: bf7c407c2cedff20999df2af8eb42d56 -> 
  custom:audio-encoder-webm-vorbis: bf7c407c2cedff20999df2af8eb42d56 -> 
========================================================================
Received Prepare
Registering precompiled user dll's ...
Registered in 0.003276 seconds.
Begin MonoManager ReloadAssembly
Native extension for WindowsStandalone target not found
Refreshing native plugins compatible for Editor in 0.54 ms, found 2 plugins.
Preloading 0 native plugins for Editor in 0.00 ms.
Mono: successfully reloaded assembly
- Completed reload, in  0.833 seconds
Domain Reload Profiling:
	ReloadAssembly (834ms)
		BeginReloadAssembly (99ms)
			ExecutionOrderSort (0ms)
			DisableScriptedObjects (3ms)
			BackupInstance (0ms)
			ReleaseScriptingObjects (0ms)
			CreateAndSetChildDomain (27ms)
		EndReloadAssembly (688ms)
			LoadAssemblies (64ms)
			RebuildTransferFunctionScriptingTraits (0ms)
			SetupTypeCache (219ms)
			ReleaseScriptCaches (1ms)
			RebuildScriptCaches (32ms)
			SetupLoadedEditorAssemblies (284ms)
				LogAssemblyErrors (0ms)
				InitializePlatformSupportModulesInManaged (3ms)
				SetLoadedEditorAssemblies (0ms)
				RefreshPlugins (1ms)
				BeforeProcessingInitializeOnLoad (66ms)
				ProcessInitializeOnLoadAttributes (207ms)
				ProcessInitializeOnLoadMethodAttributes (3ms)
				AfterProcessingInitializeOnLoad (3ms)
				EditorAssembliesLoaded (0ms)
			ExecutionOrderSort2 (0ms)
			AwakeInstancesAfterBackupRestoration (8ms)
Platform modules already initialized, skipping
Refreshing native plugins compatible for Editor in 0.54 ms, found 2 plugins.
Preloading 0 native plugins for Editor in 0.00 ms.
Unloading 2289 Unused Serialized files (Serialized files now loaded: 0)
System memory in use before: 104.7 MB.
System memory in use after: 104.9 MB.

Unloading 16 unused Assets to reduce memory usage. Loaded Objects now: 2873.
Total: 2.248600 ms (FindLiveObjects: 0.245700 ms CreateObjectMapping: 0.061000 ms MarkObjects: 1.832900 ms  DeleteObjects: 0.108100 ms)

AssetImportParameters requested are different than current active one (requested -> active):
  custom:framework-win-MediaFoundation: 216162199b28c13a410421893ffa2e32 -> 
  custom:video-decoder-ogg-theora: a1e56fd34408186e4bbccfd4996cb3dc -> 
  custom:container-muxer-webm: aa71ff27fc2769a1b78a27578f13a17b -> 
  custom:container-demuxer-webm: 4f35f7cbe854078d1ac9338744f61a02 -> 
  custom:container-demuxer-ogg: 62fdf1f143b41e24485cea50d1cbac27 -> 
  custom:video-encoder-webm-vp8: eb34c28f22e8b96e1ab97ce403110664 -> 
  custom:video-decoder-webm-vp8: 9c59270c3fd7afecdb556c50c9e8de78 -> 
  custom:audio-decoder-ogg-vorbis: bf7c407c2cedff20999df2af8eb42d56 -> 
  custom:audio-encoder-webm-vorbis: bf7c407c2cedff20999df2af8eb42d56 -> 
========================================================================
Received Prepare
Registering precompiled user dll's ...
Registered in 0.007198 seconds.
Begin MonoManager ReloadAssembly
Native extension for WindowsStandalone target not found
Refreshing native plugins compatible for Editor in 49.41 ms, found 2 plugins.
Preloading 0 native plugins for Editor in 0.00 ms.
Mono: successfully reloaded assembly
- Completed reload, in  1.258 seconds
Domain Reload Profiling:
	ReloadAssembly (1259ms)
		BeginReloadAssembly (341ms)
			ExecutionOrderSort (0ms)
			DisableScriptedObjects (6ms)
			BackupInstance (0ms)
			ReleaseScriptingObjects (0ms)
			CreateAndSetChildDomain (157ms)
		EndReloadAssembly (788ms)
			LoadAssemblies (142ms)
			RebuildTransferFunctionScriptingTraits (0ms)
			SetupTypeCache (251ms)
			ReleaseScriptCaches (1ms)
			RebuildScriptCaches (34ms)
			SetupLoadedEditorAssemblies (301ms)
				LogAssemblyErrors (0ms)
				InitializePlatformSupportModulesInManaged (3ms)
				SetLoadedEditorAssemblies (0ms)
				RefreshPlugins (49ms)
				BeforeProcessingInitializeOnLoad (62ms)
				ProcessInitializeOnLoadAttributes (182ms)
				ProcessInitializeOnLoadMethodAttributes (3ms)
				AfterProcessingInitializeOnLoad (2ms)
				EditorAssembliesLoaded (0ms)
			ExecutionOrderSort2 (0ms)
			AwakeInstancesAfterBackupRestoration (4ms)
Platform modules already initialized, skipping
Shader 'Universal Render Pipeline/Nature/SpeedTree7': dependency 'BillboardShader' shader 'Universal Render Pipeline/Nature/SpeedTree7 Billboard' not found
Shader 'Universal Render Pipeline/Baked Lit': fallback shader 'Universal Render Pipeline/Unlit' not found
Shader 'Universal Render Pipeline/Simple Lit': fallback shader 'Hidden/Universal Render Pipeline/FallbackError' not found
Shader 'Universal Render Pipeline/Terrain/Lit': fallback shader 'Hidden/Universal Render Pipeline/FallbackError' not found
Shader 'Universal Render Pipeline/Terrain/Lit': dependency 'AddPassShader' shader 'Hidden/Universal Render Pipeline/Terrain/Lit (Add Pass)' not found
Shader 'Universal Render Pipeline/Terrain/Lit': dependency 'BaseMapShader' shader 'Hidden/Universal Render Pipeline/Terrain/Lit (Base Pass)' not found
Shader 'Universal Render Pipeline/Terrain/Lit': dependency 'BaseMapGenShader' shader 'Hidden/Universal Render Pipeline/Terrain/Lit (Basemap Gen)' not found
Shader 'Hidden/Universal Render Pipeline/Terrain/Lit (Base Pass)': fallback shader 'Hidden/Universal Render Pipeline/FallbackError' not found
Shader 'Hidden/Universal Render Pipeline/Terrain/Lit (Add Pass)': fallback shader 'Hidden/Universal Render Pipeline/FallbackError' not found
Shader 'Universal Render Pipeline/Particles/Lit': fallback shader 'Universal Render Pipeline/Particles/SimpleLit' not found
Shader 'Universal Render Pipeline/Particles/Lit': fallback shader 'Universal Render Pipeline/Particles/SimpleLit' not found
Refreshing native plugins compatible for Editor in 0.74 ms, found 2 plugins.
Preloading 0 native plugins for Editor in 0.00 ms.
Unloading 3544 Unused Serialized files (Serialized files now loaded: 0)
System memory in use before: 156.2 MB.
System memory in use after: 151.9 MB.

Unloading 73 unused Assets to reduce memory usage. Loaded Objects now: 4074.
Total: 4.422500 ms (FindLiveObjects: 0.363200 ms CreateObjectMapping: 0.091000 ms MarkObjects: 2.155200 ms  DeleteObjects: 1.811900 ms)

AssetImportParameters requested are different than current active one (requested -> active):
  custom:framework-win-MediaFoundation: 216162199b28c13a410421893ffa2e32 -> 
  custom:video-decoder-ogg-theora: a1e56fd34408186e4bbccfd4996cb3dc -> 
  custom:container-muxer-webm: aa71ff27fc2769a1b78a27578f13a17b -> 
  custom:container-demuxer-webm: 4f35f7cbe854078d1ac9338744f61a02 -> 
  custom:container-demuxer-ogg: 62fdf1f143b41e24485cea50d1cbac27 -> 
  custom:video-encoder-webm-vp8: eb34c28f22e8b96e1ab97ce403110664 -> 
  custom:video-decoder-webm-vp8: 9c59270c3fd7afecdb556c50c9e8de78 -> 
  custom:audio-decoder-ogg-vorbis: bf7c407c2cedff20999df2af8eb42d56 -> 
  custom:audio-encoder-webm-vorbis: bf7c407c2cedff20999df2af8eb42d56 -> 
========================================================================
Received Import Request.
  Time since last request: 1163.475625 seconds.
  path: Assets/Custom_Assets/Custom_Materials/Shark/eyes.mat
  artifactKey: Guid(64afdf4645173954c8699680c9ce2d31) Importer(815301076,1909f56bfc062723c751e8b465ee728b)
Start importing Assets/Custom_Assets/Custom_Materials/Shark/eyes.mat using Guid(64afdf4645173954c8699680c9ce2d31) Importer(815301076,1909f56bfc062723c751e8b465ee728b)  -> (artifact id: '9b779971d89a0fe4ed8d2e147f97a64c') in 0.111091 seconds 
  Import took 0.116922 seconds .

========================================================================
Received Import Request.
  Time since last request: 0.000162 seconds.
  path: Assets/Custom_Assets/Custom_Materials/Shark/teeth.mat
  artifactKey: Guid(8aa37a3f4c930304aa5e703a93e315c3) Importer(815301076,1909f56bfc062723c751e8b465ee728b)
Start importing Assets/Custom_Assets/Custom_Materials/Shark/teeth.mat using Guid(8aa37a3f4c930304aa5e703a93e315c3) Importer(815301076,1909f56bfc062723c751e8b465ee728b)  -> (artifact id: '0e0782092fdb8bd46eccc09ee77a7841') in 0.015748 seconds 
  Import took 0.020991 seconds .

========================================================================
Received Import Request.
  Time since last request: 0.000174 seconds.
  path: Assets/Custom_Assets/Custom_Materials/Shark/shark.mat
  artifactKey: Guid(a619f11faa180984ea06853db2eaac42) Importer(815301076,1909f56bfc062723c751e8b465ee728b)
Start importing Assets/Custom_Assets/Custom_Materials/Shark/shark.mat using Guid(a619f11faa180984ea06853db2eaac42) Importer(815301076,1909f56bfc062723c751e8b465ee728b)  -> (artifact id: 'f6236a366d6b933d8a9e934fb9d1a00f') in 0.017538 seconds 
  Import took 0.022901 seconds .

AssetImportWorkerClient::OnTransportError - code=2 error=End of file
